{"D:\\Orxe Application\\BaseComponent\\packages\\dropdown\\src\\index.ts": {"path":"D:\\Orxe Application\\BaseComponent\\packages\\dropdown\\src\\index.ts","statementMap":{},"fnMap":{},"branchMap":{},"s":{},"f":{},"b":{},"_coverageSchema":"1a1c01bbd47fc00a2c39e90264f33305004495a9","hash":"81437f76e0fd1cb518e2d63400a8136eca9d9f0c"}
,"D:\\Orxe Application\\BaseComponent\\packages\\dropdown\\src\\orxe-dropdown.ts": {"path":"D:\\Orxe Application\\BaseComponent\\packages\\dropdown\\src\\orxe-dropdown.ts","statementMap":{"0":{"start":{"line":8,"column":12},"end":{"line":8,"column":45}},"1":{"start":{"line":11,"column":18},"end":{"line":11,"column":25}},"2":{"start":{"line":14,"column":25},"end":{"line":14,"column":34}},"3":{"start":{"line":17,"column":18},"end":{"line":17,"column":24}},"4":{"start":{"line":20,"column":4},"end":{"line":20,"column":12}},"5":{"start":{"line":23,"column":2},"end":{"line":23,"column":43}},"6":{"start":{"line":26,"column":4},"end":{"line":61,"column":5}},"7":{"start":{"line":33,"column":39},"end":{"line":33,"column":92}},"8":{"start":{"line":41,"column":39},"end":{"line":41,"column":92}},"9":{"start":{"line":49,"column":39},"end":{"line":49,"column":92}},"10":{"start":{"line":57,"column":41},"end":{"line":57,"column":94}},"11":{"start":{"line":63,"column":18},"end":{"line":63,"column":24}}},"fnMap":{"0":{"name":"(anonymous_0)","decl":{"start":{"line":19,"column":2},"end":{"line":19,"column":3}},"loc":{"start":{"line":19,"column":16},"end":{"line":21,"column":3}},"line":19},"1":{"name":"(anonymous_1)","decl":{"start":{"line":22,"column":1},"end":{"line":22,"column":2}},"loc":{"start":{"line":22,"column":28},"end":{"line":24,"column":2}},"line":22},"2":{"name":"(anonymous_2)","decl":{"start":{"line":25,"column":2},"end":{"line":25,"column":3}},"loc":{"start":{"line":25,"column":11},"end":{"line":62,"column":3}},"line":25},"3":{"name":"(anonymous_3)","decl":{"start":{"line":33,"column":29},"end":{"line":33,"column":30}},"loc":{"start":{"line":33,"column":39},"end":{"line":33,"column":92}},"line":33},"4":{"name":"(anonymous_4)","decl":{"start":{"line":41,"column":29},"end":{"line":41,"column":30}},"loc":{"start":{"line":41,"column":39},"end":{"line":41,"column":92}},"line":41},"5":{"name":"(anonymous_5)","decl":{"start":{"line":49,"column":29},"end":{"line":49,"column":30}},"loc":{"start":{"line":49,"column":39},"end":{"line":49,"column":92}},"line":49},"6":{"name":"(anonymous_6)","decl":{"start":{"line":57,"column":29},"end":{"line":57,"column":30}},"loc":{"start":{"line":57,"column":41},"end":{"line":57,"column":94}},"line":57}},"branchMap":{},"s":{"0":3,"1":3,"2":3,"3":3,"4":3,"5":3,"6":3,"7":0,"8":0,"9":0,"10":0,"11":2},"f":{"0":3,"1":3,"2":3,"3":0,"4":0,"5":0,"6":0},"b":{},"_coverageSchema":"1a1c01bbd47fc00a2c39e90264f33305004495a9","hash":"6822627e795fde91087e8ce15c4fe12913734fee"}
}
